{"/Users/elgordo/code/playground/lms/phone-generator/src/phoneGenerator.js": {"path":"/Users/elgordo/code/playground/lms/phone-generator/src/phoneGenerator.js","statementMap":{"0":{"start":{"line":1,"column":14},"end":{"line":1,"column":0}},"1":{"start":{"line":2,"column":11},"end":{"line":2,"column":0}},"2":{"start":{"line":3,"column":14},"end":{"line":3,"column":0}},"3":{"start":{"line":5,"column":12},"end":{"line":5,"column":0}},"4":{"start":{"line":6,"column":11},"end":{"line":6,"column":0}},"5":{"start":{"line":7,"column":0},"end":{"line":null,"column":-1}},"6":{"start":{"line":10,"column":19},"end":{"line":10,"column":0}},"7":{"start":{"line":12,"column":24},"end":{"line":12,"column":0}},"8":{"start":{"line":13,"column":2},"end":{"line":19,"column":1}},"9":{"start":{"line":14,"column":12},"end":{"line":14,"column":2}},"10":{"start":{"line":18,"column":2},"end":{"line":null,"column":-1}},"11":{"start":{"line":20,"column":2},"end":{"line":null,"column":-1}},"12":{"start":{"line":23,"column":22},"end":{"line":23,"column":0}},"13":{"start":{"line":24,"column":19},"end":{"line":24,"column":2}},"14":{"start":{"line":25,"column":2},"end":{"line":null,"column":-1}},"15":{"start":{"line":25,"column":37},"end":{"line":null,"column":-1}},"16":{"start":{"line":26,"column":2},"end":{"line":null,"column":-1}},"17":{"start":{"line":27,"column":2},"end":{"line":null,"column":-1}},"18":{"start":{"line":28,"column":2},"end":{"line":null,"column":-1}},"19":{"start":{"line":31,"column":21},"end":{"line":31,"column":0}},"20":{"start":{"line":32,"column":19},"end":{"line":32,"column":2}},"21":{"start":{"line":33,"column":2},"end":{"line":null,"column":-1}},"22":{"start":{"line":33,"column":37},"end":{"line":null,"column":-1}},"23":{"start":{"line":34,"column":2},"end":{"line":null,"column":-1}},"24":{"start":{"line":35,"column":2},"end":{"line":null,"column":-1}},"25":{"start":{"line":36,"column":2},"end":{"line":null,"column":-1}},"26":{"start":{"line":39,"column":21},"end":{"line":39,"column":0}},"27":{"start":{"line":40,"column":2},"end":{"line":null,"column":-1}},"28":{"start":{"line":41,"column":2},"end":{"line":null,"column":-1}},"29":{"start":{"line":42,"column":2},"end":{"line":null,"column":-1}},"30":{"start":{"line":43,"column":2},"end":{"line":null,"column":-1}},"31":{"start":{"line":44,"column":2},"end":{"line":null,"column":-1}},"32":{"start":{"line":45,"column":2},"end":{"line":null,"column":-1}},"33":{"start":{"line":46,"column":2},"end":{"line":null,"column":-1}},"34":{"start":{"line":54,"column":15},"end":{"line":54,"column":2}},"35":{"start":{"line":56,"column":2},"end":{"line":null,"column":-1}},"36":{"start":{"line":61,"column":0},"end":{"line":null,"column":-1}},"37":{"start":{"line":62,"column":0},"end":{"line":62,"column":14}}},"fnMap":{"0":{"name":"(anonymous_0)","decl":{"start":{"line":12,"column":24},"end":{"line":12,"column":29}},"loc":{"start":{"line":12,"column":30},"end":{"line":12,"column":0}}},"1":{"name":"(anonymous_1)","decl":{"start":{"line":23,"column":22},"end":{"line":23,"column":20}},"loc":{"start":{"line":23,"column":39},"end":{"line":23,"column":0}}},"2":{"name":"(anonymous_2)","decl":{"start":{"line":25,"column":20},"end":{"line":25,"column":28}},"loc":{"start":{"line":25,"column":35},"end":{"line":25,"column":2}}},"3":{"name":"(anonymous_3)","decl":{"start":{"line":26,"column":80},"end":{"line":26,"column":85}},"loc":{"start":{"line":26,"column":86},"end":{"line":26,"column":2}}},"4":{"name":"(anonymous_4)","decl":{"start":{"line":31,"column":21},"end":{"line":31,"column":19}},"loc":{"start":{"line":31,"column":38},"end":{"line":31,"column":0}}},"5":{"name":"(anonymous_5)","decl":{"start":{"line":33,"column":20},"end":{"line":33,"column":28}},"loc":{"start":{"line":33,"column":35},"end":{"line":33,"column":2}}},"6":{"name":"(anonymous_6)","decl":{"start":{"line":34,"column":81},"end":{"line":34,"column":86}},"loc":{"start":{"line":34,"column":87},"end":{"line":34,"column":2}}},"7":{"name":"(anonymous_7)","decl":{"start":{"line":39,"column":21},"end":{"line":39,"column":19}},"loc":{"start":{"line":39,"column":30},"end":{"line":39,"column":0}}},"8":{"name":"(anonymous_8)","decl":{"start":{"line":40,"column":68},"end":{"line":40,"column":76}},"loc":{"start":{"line":40,"column":82},"end":{"line":40,"column":2}}},"9":{"name":"PhoneGenerator","decl":{"start":{"line":53,"column":9},"end":{"line":53,"column":0}},"loc":{"start":{"line":53,"column":26},"end":{"line":59,"column":1}}}},"branchMap":{},"s":{"0":0,"1":0,"2":0,"3":0,"4":0,"5":0,"6":0,"7":0,"8":0,"9":0,"10":0,"11":0,"12":0,"13":0,"14":0,"15":0,"16":0,"17":0,"18":0,"19":0,"20":0,"21":0,"22":0,"23":0,"24":0,"25":0,"26":0,"27":0,"28":0,"29":0,"30":0,"31":0,"32":0,"33":0,"34":0,"35":0,"36":0,"37":0},"f":{"0":0,"1":0,"2":0,"3":0,"4":0,"5":0,"6":0,"7":0,"8":0,"9":0},"b":{}}
}
